E:\WORKSPACE\NGSPICE\A WRAP OF NGSPICE\INGSPICE\DEBUG\INGSPICE.DLL
E:\workspace\NGSpice\A Wrap of Ngspice\INgspice\Debug\INgspice.exp
E:\WORKSPACE\NGSPICE\A WRAP OF NGSPICE\INGSPICE\DEBUG\INGSPICE.ILK
E:\workspace\NGSpice\A Wrap of Ngspice\INgspice\Debug\INgspice.lib
E:\WORKSPACE\NGSPICE\A WRAP OF NGSPICE\INGSPICE\DEBUG\INGSPICE.PDB
E:\workspace\NGSpice\A Wrap of Ngspice\INgspice\INgspice\Debug\cl.command.1.tlog
E:\workspace\NGSpice\A Wrap of Ngspice\INgspice\INgspice\Debug\CL.read.1.tlog
E:\workspace\NGSpice\A Wrap of Ngspice\INgspice\INgspice\Debug\CL.write.1.tlog
E:\WORKSPACE\NGSPICE\A WRAP OF NGSPICE\INGSPICE\INGSPICE\DEBUG\DLLMAIN.OBJ
E:\WORKSPACE\NGSPICE\A WRAP OF NGSPICE\INGSPICE\INGSPICE\DEBUG\INGSPICE.DLL.EMBED.MANIFEST
E:\WORKSPACE\NGSPICE\A WRAP OF NGSPICE\INGSPICE\INGSPICE\DEBUG\INGSPICE.DLL.EMBED.MANIFEST.RES
E:\WORKSPACE\NGSPICE\A WRAP OF NGSPICE\INGSPICE\INGSPICE\DEBUG\INGSPICE.DLL.INTERMEDIATE.MANIFEST
E:\WORKSPACE\NGSPICE\A WRAP OF NGSPICE\INGSPICE\INGSPICE\DEBUG\INGSPICE.OBJ
E:\WORKSPACE\NGSPICE\A WRAP OF NGSPICE\INGSPICE\INGSPICE\DEBUG\INGSPICE.PCH
E:\workspace\NGSpice\A Wrap of Ngspice\INgspice\INgspice\Debug\INgspice.vcxprojResolveAssemblyReference.cache
E:\workspace\NGSpice\A Wrap of Ngspice\INgspice\INgspice\Debug\INgspice.write.1.tlog
E:\workspace\NGSpice\A Wrap of Ngspice\INgspice\INgspice\Debug\INgspice_manifest.rc
E:\workspace\NGSpice\A Wrap of Ngspice\INgspice\INgspice\Debug\link.2976.read.1.tlog
E:\workspace\NGSpice\A Wrap of Ngspice\INgspice\INgspice\Debug\link.2976.write.1.tlog
E:\workspace\NGSpice\A Wrap of Ngspice\INgspice\INgspice\Debug\link.2976-cvtres.read.1.tlog
E:\workspace\NGSpice\A Wrap of Ngspice\INgspice\INgspice\Debug\link.2976-cvtres.write.1.tlog
E:\workspace\NGSpice\A Wrap of Ngspice\INgspice\INgspice\Debug\link.command.1.tlog
E:\workspace\NGSpice\A Wrap of Ngspice\INgspice\INgspice\Debug\link.read.1.tlog
E:\workspace\NGSpice\A Wrap of Ngspice\INgspice\INgspice\Debug\link.write.1.tlog
E:\workspace\NGSpice\A Wrap of Ngspice\INgspice\INgspice\Debug\link-cvtres.read.1.tlog
E:\workspace\NGSpice\A Wrap of Ngspice\INgspice\INgspice\Debug\link-cvtres.write.1.tlog
E:\workspace\NGSpice\A Wrap of Ngspice\INgspice\INgspice\Debug\mt.command.1.tlog
E:\workspace\NGSpice\A Wrap of Ngspice\INgspice\INgspice\Debug\mt.read.1.tlog
E:\workspace\NGSpice\A Wrap of Ngspice\INgspice\INgspice\Debug\mt.write.1.tlog
E:\workspace\NGSpice\A Wrap of Ngspice\INgspice\INgspice\Debug\rc.command.1.tlog
E:\workspace\NGSpice\A Wrap of Ngspice\INgspice\INgspice\Debug\rc.read.1.tlog
E:\workspace\NGSpice\A Wrap of Ngspice\INgspice\INgspice\Debug\rc.write.1.tlog
E:\WORKSPACE\NGSPICE\A WRAP OF NGSPICE\INGSPICE\INGSPICE\DEBUG\STDAFX.OBJ
E:\workspace\NGSpice\A Wrap of Ngspice\INgspice\INgspice\Debug\vc100.idb
E:\WORKSPACE\NGSPICE\A WRAP OF NGSPICE\INGSPICE\INGSPICE\DEBUG\VC100.PDB
